<?xml version="1.0" encoding="UTF-8"?>
<!-- Generated by org.testng.reporters.JUnitReportReporter -->
<testsuite skipped="0" hostname="TECH-LP-1866" name="practice.RestAPI.DynamicJson" tests="2" failures="0" timestamp="2022-06-13T18:19:03 IST" time="1.697" errors="0">
  <testcase name="addBookValidation" time="0.157" classname="practice.RestAPI.DynamicJson"/>
  <system-out/>
  <testcase name="addBookValidation" time="1.540" classname="practice.RestAPI.DynamicJson"/>
  <system-out/>
</testsuite> <!-- practice.RestAPI.DynamicJson -->
